<?xml version="1.0" encoding="UTF-8"?>
<testsuite xmlns:xsi="http://www.w3.org/2001/XMLSchema-instance" xsi:noNamespaceSchemaLocation="https://maven.apache.org/surefire/maven-surefire-plugin/xsd/surefire-test-report.xsd" name="com.example.CsvToPropertyReaderTest" time="0.582" tests="2" errors="0" skipped="0" failures="0">
  <properties>
[...]
</properties>
  <testcase name="testFilterPropertiesByFreguesia" classname="com.example.CsvToPropertyReaderTest" time="0.326"/>
  <testcase name="testExercise_1" classname="com.example.CsvToPropertyReaderTest" time="0.231"/>
</testsuite>